[2025-10-26 13:36:05] PROD.ERROR: bhj  
[2025-10-26 13:36:05] PROD.ERROR: array (
  'user_id' => 299,
  'id' => 11,
  'requestData' => 'eyJpdiI6IkkxclYzT2JWaEp4U0tFSlJobjVxM3c9PSIsInZhbHVlIjoiMSswMlRJUEpvWVh2NVFTMmFLcEpKTUZDc1ZLaUhrZWUvTXd5Z01wa29nNG5GRVpDZjQveHpUSDJ6WjBGZkVVcyIsIm1hYyI6IjJlMDZjMjY0YzI4ZjU1MDZkYmE5MmEzNWE5ZDg5NjcxOWYwOWVhMjAwNzRjN2JiZGU2ODhmZjIyN2NkMjM0OWUiLCJ0YWciOiIifQ==',
)  
[2025-10-26 13:36:05] PROD.ERROR: array (
  'enrollment_details' => 
  array (
  ),
  'iscoordinators' => 
  array (
    0 => 
    (object) array(
       'id' => 299,
       'name' => 'Narmatha',
       'email' => 'elinaiscordinator1@gmail.com',
       'user_type' => 'AD',
       'email_verified_at' => NULL,
       'password' => '$2y$10$QqUJHp.zZwa6wyIMJjAOn.e7k.572sXV7y/cjmMUmtbtr5lxIQp8i',
       'workspace_email' => NULL,
       'remember_token' => NULL,
       'array_dashboard_list' => '',
       'array_roles' => '5',
       'created_at' => NULL,
       'updated_at' => NULL,
       'phone_number' => NULL,
       'profile_image' => '/user_signature/67/am9obm55LWRlcHAuanBn.jpg',
       'designation_id' => 3,
       'active_flag' => 0,
       'project_role_id' => NULL,
       'delete_status' => 0,
       'roles' => '1,4',
       'mobile_no' => NULL,
       'otp' => '1234',
       'dor' => NULL,
       'ep' => NULL,
       'profile_path' => NULL,
       'online' => 0,
       'additional_details' => '<p>Mrs.Narmatha</p>
<p>Special educator</p>
<p>IS-Coordinator</p>
<p>Elina Advisory and referral center</p>
<p>Chennai-97</p>',
       'user_role_id' => 487,
       'user_id' => 299,
       'role_id' => 5,
       'created_by' => 68,
       'created_date' => '2022-08-09',
       'last_modified_by' => 136,
       'last_modified_date' => '2024-05-26',
       'role_name' => 'IS Coordinator',
    ),
    1 => 
    (object) array(
       'id' => 300,
       'name' => 'Malini',
       'email' => 'elinaiscordinator2@gmail.com',
       'user_type' => 'AD',
       'email_verified_at' => NULL,
       'password' => '$2y$10$Zkq7PjvxCkXyNDkTh3vbL.sTls2osjF7j10gbmaEtJvRshA1VYo7i',
       'workspace_email' => NULL,
       'remember_token' => NULL,
       'array_dashboard_list' => '1',
       'array_roles' => '5',
       'created_at' => NULL,
       'updated_at' => NULL,
       'phone_number' => NULL,
       'profile_image' => '/user_signature/67/am9obm55LWRlcHAuanBn.jpg',
       'designation_id' => 3,
       'active_flag' => 0,
       'project_role_id' => NULL,
       'delete_status' => 0,
       'roles' => NULL,
       'mobile_no' => NULL,
       'otp' => '1234',
       'dor' => NULL,
       'ep' => NULL,
       'profile_path' => NULL,
       'online' => 1,
       'additional_details' => '<p>Mrs.Malini</p>
<p>Special educator</p>
<p>IS-Coordinator</p>
<p>Elina Advisory and referral center</p>
<p>Chennai-97</p>',
       'user_role_id' => 190,
       'user_id' => 300,
       'role_id' => 5,
       'created_by' => 68,
       'created_date' => '2022-08-09',
       'last_modified_by' => 136,
       'last_modified_date' => '2024-05-26',
       'role_name' => 'IS Coordinator',
    ),
    2 => 
    (object) array(
       'id' => 658,
       'name' => 'testiscoordinator1',
       'email' => 'arynemerald@livinitlarge.net',
       'user_type' => 'AD',
       'email_verified_at' => NULL,
       'password' => '$2y$10$UkDyMH9512MqIkdGrDxwAO01vTkT20AIXaLtE3QDQvGqrByoBk7Qa',
       'workspace_email' => NULL,
       'remember_token' => NULL,
       'array_dashboard_list' => '1,2,3,4,5,6,7',
       'array_roles' => '5',
       'created_at' => NULL,
       'updated_at' => NULL,
       'phone_number' => NULL,
       'profile_image' => '/user_signature/67/am9obm55LWRlcHAuanBn.jpg',
       'designation_id' => 3,
       'active_flag' => 0,
       'project_role_id' => NULL,
       'delete_status' => 0,
       'roles' => NULL,
       'mobile_no' => NULL,
       'otp' => '1234',
       'dor' => NULL,
       'ep' => NULL,
       'profile_path' => NULL,
       'online' => 0,
       'additional_details' => NULL,
       'user_role_id' => 534,
       'user_id' => 658,
       'role_id' => 5,
       'created_by' => 68,
       'created_date' => '2022-08-09',
       'last_modified_by' => 136,
       'last_modified_date' => '2024-05-26',
       'role_name' => 'IS Coordinator',
    ),
    3 => 
    (object) array(
       'id' => 659,
       'name' => 'testiscoordinator2',
       'email' => '875claudina@tiffincrane.com',
       'user_type' => 'AD',
       'email_verified_at' => NULL,
       'password' => '$2y$10$hz05Bpb7ip/dpyCL0ST4HeW7m6Nck6JgkNJgrrz9f13cWxp3rQ0mW',
       'workspace_email' => NULL,
       'remember_token' => NULL,
       'array_dashboard_list' => '1,2,3,4,5,6,7',
       'array_roles' => '5',
       'created_at' => NULL,
       'updated_at' => NULL,
       'phone_number' => NULL,
       'profile_image' => '/user_signature/67/am9obm55LWRlcHAuanBn.jpg',
       'designation_id' => 3,
       'active_flag' => 0,
       'project_role_id' => NULL,
       'delete_status' => 0,
       'roles' => NULL,
       'mobile_no' => NULL,
       'otp' => '1234',
       'dor' => NULL,
       'ep' => NULL,
       'profile_path' => NULL,
       'online' => 0,
       'additional_details' => NULL,
       'user_role_id' => 535,
       'user_id' => 659,
       'role_id' => 5,
       'created_by' => 68,
       'created_date' => '2022-08-09',
       'last_modified_by' => 136,
       'last_modified_date' => '2024-05-26',
       'role_name' => 'IS Coordinator',
    ),
  ),
)  
[2025-10-26 13:39:38] PROD.ERROR: ds  
[2025-10-26 13:39:38] PROD.ERROR: array (
  'meeting_startdate1' => '26/10/2025',
  'meeting_starttime1' => '20:00',
  'meeting_endtime1' => '20:30',
  'meeting_startdate2' => '26/10/2025',
  'meeting_starttime2' => '20:30',
  'meeting_endtime2' => '21:00',
  'is_coo1' => '299',
  'is_coo2' => '300',
  'enrollment_id' => '31',
)  
[2025-10-26 13:39:38] PROD.ERROR: array (
  'meeting_startdate1' => '26/10/2025',
  'meeting_starttime1' => '20:00',
  'meeting_endtime1' => '20:30',
  'meeting_startdate2' => '26/10/2025',
  'meeting_starttime2' => '20:30',
  'meeting_endtime2' => '21:00',
  'is_coo1' => '299',
  'is_coo2' => '300',
  'enrollment_id' => '31',
)  
[2025-10-26 13:39:38] PROD.ERROR: array (
)  
[2025-10-26 14:35:13] PROD.ERROR: Attempt to read property "email" on null {"userId":299,"exception":"[object] (ErrorException(code: 0): Attempt to read property \"email\" on null at C:\\Apache24\\htdocs\\Elina ISMS\\v1\\api-isms\\vendor\\laravel\\framework\\src\\Illuminate\\Mail\\Mailable.php:630)
[stacktrace]
#0 C:\\Apache24\\htdocs\\Elina ISMS\\v1\\api-isms\\vendor\\laravel\\framework\\src\\Illuminate\\Mail\\Mailable.php(630): Illuminate\\Foundation\\Bootstrap\\HandleExceptions->handleError(2, 'Attempt to read...', 'C:\\\\Apache24\\\\htd...', 630)
#1 C:\\Apache24\\htdocs\\Elina ISMS\\v1\\api-isms\\vendor\\laravel\\framework\\src\\Illuminate\\Mail\\Mailable.php(546): Illuminate\\Mail\\Mailable->setAddress(Array, NULL, 'cc')
#2 C:\\Apache24\\htdocs\\Elina ISMS\\v1\\api-isms\\vendor\\laravel\\framework\\src\\Illuminate\\Mail\\PendingMail.php(159): Illuminate\\Mail\\Mailable->cc(Array)
#3 C:\\Apache24\\htdocs\\Elina ISMS\\v1\\api-isms\\vendor\\laravel\\framework\\src\\Illuminate\\Mail\\PendingMail.php(124): Illuminate\\Mail\\PendingMail->fill(Object(App\\Mail\\ovmassessment))
#4 C:\\Apache24\\htdocs\\Elina ISMS\\v1\\api-isms\\app\\Http\\Controllers\\ovm1Controller.php(2492): Illuminate\\Mail\\PendingMail->send(Object(App\\Mail\\ovmassessment))
#5 C:\\Apache24\\htdocs\\Elina ISMS\\v1\\api-isms\\vendor\\laravel\\framework\\src\\Illuminate\\Routing\\Controller.php(54): App\\Http\\Controllers\\ovm1Controller->report_sent(Object(Illuminate\\Http\\Request))
#6 C:\\Apache24\\htdocs\\Elina ISMS\\v1\\api-isms\\vendor\\laravel\\framework\\src\\Illuminate\\Routing\\ControllerDispatcher.php(45): Illuminate\\Routing\\Controller->callAction('report_sent', Array)
#7 C:\\Apache24\\htdocs\\Elina ISMS\\v1\\api-isms\\vendor\\laravel\\framework\\src\\Illuminate\\Routing\\Route.php(261): Illuminate\\Routing\\ControllerDispatcher->dispatch(Object(Illuminate\\Routing\\Route), Object(App\\Http\\Controllers\\ovm1Controller), 'report_sent')
#8 C:\\Apache24\\htdocs\\Elina ISMS\\v1\\api-isms\\vendor\\laravel\\framework\\src\\Illuminate\\Routing\\Route.php(205): Illuminate\\Routing\\Route->runController()
#9 C:\\Apache24\\htdocs\\Elina ISMS\\v1\\api-isms\\vendor\\laravel\\framework\\src\\Illuminate\\Routing\\Router.php(721): Illuminate\\Routing\\Route->run()
#10 C:\\Apache24\\htdocs\\Elina ISMS\\v1\\api-isms\\vendor\\laravel\\framework\\src\\Illuminate\\Pipeline\\Pipeline.php(128): Illuminate\\Routing\\Router->Illuminate\\Routing\\{closure}(Object(Illuminate\\Http\\Request))
#11 C:\\Apache24\\htdocs\\Elina ISMS\\v1\\api-isms\\vendor\\fruitcake\\laravel-cors\\src\\HandleCors.php(52): Illuminate\\Pipeline\\Pipeline->Illuminate\\Pipeline\\{closure}(Object(Illuminate\\Http\\Request))
#12 C:\\Apache24\\htdocs\\Elina ISMS\\v1\\api-isms\\vendor\\laravel\\framework\\src\\Illuminate\\Pipeline\\Pipeline.php(167): Fruitcake\\Cors\\HandleCors->handle(Object(Illuminate\\Http\\Request), Object(Closure))
#13 C:\\Apache24\\htdocs\\Elina ISMS\\v1\\api-isms\\vendor\\laravel\\framework\\src\\Illuminate\\Routing\\Middleware\\SubstituteBindings.php(50): Illuminate\\Pipeline\\Pipeline->Illuminate\\Pipeline\\{closure}(Object(Illuminate\\Http\\Request))
#14 C:\\Apache24\\htdocs\\Elina ISMS\\v1\\api-isms\\vendor\\laravel\\framework\\src\\Illuminate\\Pipeline\\Pipeline.php(167): Illuminate\\Routing\\Middleware\\SubstituteBindings->handle(Object(Illuminate\\Http\\Request), Object(Closure))
#15 C:\\Apache24\\htdocs\\Elina ISMS\\v1\\api-isms\\vendor\\laravel\\framework\\src\\Illuminate\\Routing\\Middleware\\ThrottleRequests.php(127): Illuminate\\Pipeline\\Pipeline->Illuminate\\Pipeline\\{closure}(Object(Illuminate\\Http\\Request))
#16 C:\\Apache24\\htdocs\\Elina ISMS\\v1\\api-isms\\vendor\\laravel\\framework\\src\\Illuminate\\Routing\\Middleware\\ThrottleRequests.php(93): Illuminate\\Routing\\Middleware\\ThrottleRequests->handleRequest(Object(Illuminate\\Http\\Request), Object(Closure), Array)
#17 C:\\Apache24\\htdocs\\Elina ISMS\\v1\\api-isms\\vendor\\laravel\\framework\\src\\Illuminate\\Routing\\Middleware\\ThrottleRequests.php(55): Illuminate\\Routing\\Middleware\\ThrottleRequests->handleRequestUsingNamedLimiter(Object(Illuminate\\Http\\Request), Object(Closure), 'api', Object(Closure))
#18 C:\\Apache24\\htdocs\\Elina ISMS\\v1\\api-isms\\vendor\\laravel\\framework\\src\\Illuminate\\Pipeline\\Pipeline.php(167): Illuminate\\Routing\\Middleware\\ThrottleRequests->handle(Object(Illuminate\\Http\\Request), Object(Closure), 'api')
#19 C:\\Apache24\\htdocs\\Elina ISMS\\v1\\api-isms\\vendor\\laravel\\framework\\src\\Illuminate\\Auth\\Middleware\\Authenticate.php(44): Illuminate\\Pipeline\\Pipeline->Illuminate\\Pipeline\\{closure}(Object(Illuminate\\Http\\Request))
#20 C:\\Apache24\\htdocs\\Elina ISMS\\v1\\api-isms\\vendor\\laravel\\framework\\src\\Illuminate\\Pipeline\\Pipeline.php(167): Illuminate\\Auth\\Middleware\\Authenticate->handle(Object(Illuminate\\Http\\Request), Object(Closure), 'api')
#21 C:\\Apache24\\htdocs\\Elina ISMS\\v1\\api-isms\\vendor\\laravel\\framework\\src\\Illuminate\\Pipeline\\Pipeline.php(103): Illuminate\\Pipeline\\Pipeline->Illuminate\\Pipeline\\{closure}(Object(Illuminate\\Http\\Request))
#22 C:\\Apache24\\htdocs\\Elina ISMS\\v1\\api-isms\\vendor\\laravel\\framework\\src\\Illuminate\\Routing\\Router.php(719): Illuminate\\Pipeline\\Pipeline->then(Object(Closure))
#23 C:\\Apache24\\htdocs\\Elina ISMS\\v1\\api-isms\\vendor\\laravel\\framework\\src\\Illuminate\\Routing\\Router.php(698): Illuminate\\Routing\\Router->runRouteWithinStack(Object(Illuminate\\Routing\\Route), Object(Illuminate\\Http\\Request))
#24 C:\\Apache24\\htdocs\\Elina ISMS\\v1\\api-isms\\vendor\\laravel\\framework\\src\\Illuminate\\Routing\\Router.php(662): Illuminate\\Routing\\Router->runRoute(Object(Illuminate\\Http\\Request), Object(Illuminate\\Routing\\Route))
#25 C:\\Apache24\\htdocs\\Elina ISMS\\v1\\api-isms\\vendor\\laravel\\framework\\src\\Illuminate\\Routing\\Router.php(651): Illuminate\\Routing\\Router->dispatchToRoute(Object(Illuminate\\Http\\Request))
#26 C:\\Apache24\\htdocs\\Elina ISMS\\v1\\api-isms\\vendor\\laravel\\framework\\src\\Illuminate\\Foundation\\Http\\Kernel.php(167): Illuminate\\Routing\\Router->dispatch(Object(Illuminate\\Http\\Request))
#27 C:\\Apache24\\htdocs\\Elina ISMS\\v1\\api-isms\\vendor\\laravel\\framework\\src\\Illuminate\\Pipeline\\Pipeline.php(128): Illuminate\\Foundation\\Http\\Kernel->Illuminate\\Foundation\\Http\\{closure}(Object(Illuminate\\Http\\Request))
#28 C:\\Apache24\\htdocs\\Elina ISMS\\v1\\api-isms\\vendor\\laravel\\framework\\src\\Illuminate\\Foundation\\Http\\Middleware\\TransformsRequest.php(21): Illuminate\\Pipeline\\Pipeline->Illuminate\\Pipeline\\{closure}(Object(Illuminate\\Http\\Request))
#29 C:\\Apache24\\htdocs\\Elina ISMS\\v1\\api-isms\\vendor\\laravel\\framework\\src\\Illuminate\\Foundation\\Http\\Middleware\\ConvertEmptyStringsToNull.php(31): Illuminate\\Foundation\\Http\\Middleware\\TransformsRequest->handle(Object(Illuminate\\Http\\Request), Object(Closure))
#30 C:\\Apache24\\htdocs\\Elina ISMS\\v1\\api-isms\\vendor\\laravel\\framework\\src\\Illuminate\\Pipeline\\Pipeline.php(167): Illuminate\\Foundation\\Http\\Middleware\\ConvertEmptyStringsToNull->handle(Object(Illuminate\\Http\\Request), Object(Closure))
#31 C:\\Apache24\\htdocs\\Elina ISMS\\v1\\api-isms\\vendor\\laravel\\framework\\src\\Illuminate\\Foundation\\Http\\Middleware\\TransformsRequest.php(21): Illuminate\\Pipeline\\Pipeline->Illuminate\\Pipeline\\{closure}(Object(Illuminate\\Http\\Request))
#32 C:\\Apache24\\htdocs\\Elina ISMS\\v1\\api-isms\\vendor\\laravel\\framework\\src\\Illuminate\\Foundation\\Http\\Middleware\\TrimStrings.php(40): Illuminate\\Foundation\\Http\\Middleware\\TransformsRequest->handle(Object(Illuminate\\Http\\Request), Object(Closure))
#33 C:\\Apache24\\htdocs\\Elina ISMS\\v1\\api-isms\\vendor\\laravel\\framework\\src\\Illuminate\\Pipeline\\Pipeline.php(167): Illuminate\\Foundation\\Http\\Middleware\\TrimStrings->handle(Object(Illuminate\\Http\\Request), Object(Closure))
#34 C:\\Apache24\\htdocs\\Elina ISMS\\v1\\api-isms\\vendor\\laravel\\framework\\src\\Illuminate\\Foundation\\Http\\Middleware\\ValidatePostSize.php(27): Illuminate\\Pipeline\\Pipeline->Illuminate\\Pipeline\\{closure}(Object(Illuminate\\Http\\Request))
#35 C:\\Apache24\\htdocs\\Elina ISMS\\v1\\api-isms\\vendor\\laravel\\framework\\src\\Illuminate\\Pipeline\\Pipeline.php(167): Illuminate\\Foundation\\Http\\Middleware\\ValidatePostSize->handle(Object(Illuminate\\Http\\Request), Object(Closure))
#36 C:\\Apache24\\htdocs\\Elina ISMS\\v1\\api-isms\\vendor\\laravel\\framework\\src\\Illuminate\\Foundation\\Http\\Middleware\\PreventRequestsDuringMaintenance.php(86): Illuminate\\Pipeline\\Pipeline->Illuminate\\Pipeline\\{closure}(Object(Illuminate\\Http\\Request))
#37 C:\\Apache24\\htdocs\\Elina ISMS\\v1\\api-isms\\vendor\\laravel\\framework\\src\\Illuminate\\Pipeline\\Pipeline.php(167): Illuminate\\Foundation\\Http\\Middleware\\PreventRequestsDuringMaintenance->handle(Object(Illuminate\\Http\\Request), Object(Closure))
#38 C:\\Apache24\\htdocs\\Elina ISMS\\v1\\api-isms\\vendor\\fruitcake\\laravel-cors\\src\\HandleCors.php(52): Illuminate\\Pipeline\\Pipeline->Illuminate\\Pipeline\\{closure}(Object(Illuminate\\Http\\Request))
#39 C:\\Apache24\\htdocs\\Elina ISMS\\v1\\api-isms\\vendor\\laravel\\framework\\src\\Illuminate\\Pipeline\\Pipeline.php(167): Fruitcake\\Cors\\HandleCors->handle(Object(Illuminate\\Http\\Request), Object(Closure))
#40 C:\\Apache24\\htdocs\\Elina ISMS\\v1\\api-isms\\vendor\\fideloper\\proxy\\src\\TrustProxies.php(57): Illuminate\\Pipeline\\Pipeline->Illuminate\\Pipeline\\{closure}(Object(Illuminate\\Http\\Request))
#41 C:\\Apache24\\htdocs\\Elina ISMS\\v1\\api-isms\\vendor\\laravel\\framework\\src\\Illuminate\\Pipeline\\Pipeline.php(167): Fideloper\\Proxy\\TrustProxies->handle(Object(Illuminate\\Http\\Request), Object(Closure))
#42 C:\\Apache24\\htdocs\\Elina ISMS\\v1\\api-isms\\app\\Http\\Middleware\\corsMiddleware.php(19): Illuminate\\Pipeline\\Pipeline->Illuminate\\Pipeline\\{closure}(Object(Illuminate\\Http\\Request))
#43 C:\\Apache24\\htdocs\\Elina ISMS\\v1\\api-isms\\vendor\\laravel\\framework\\src\\Illuminate\\Pipeline\\Pipeline.php(167): App\\Http\\Middleware\\corsMiddleware->handle(Object(Illuminate\\Http\\Request), Object(Closure))
#44 C:\\Apache24\\htdocs\\Elina ISMS\\v1\\api-isms\\vendor\\laravel\\framework\\src\\Illuminate\\Pipeline\\Pipeline.php(103): Illuminate\\Pipeline\\Pipeline->Illuminate\\Pipeline\\{closure}(Object(Illuminate\\Http\\Request))
#45 C:\\Apache24\\htdocs\\Elina ISMS\\v1\\api-isms\\vendor\\laravel\\framework\\src\\Illuminate\\Foundation\\Http\\Kernel.php(142): Illuminate\\Pipeline\\Pipeline->then(Object(Closure))
#46 C:\\Apache24\\htdocs\\Elina ISMS\\v1\\api-isms\\vendor\\laravel\\framework\\src\\Illuminate\\Foundation\\Http\\Kernel.php(111): Illuminate\\Foundation\\Http\\Kernel->sendRequestThroughRouter(Object(Illuminate\\Http\\Request))
#47 C:\\Apache24\\htdocs\\Elina ISMS\\v1\\api-isms\\public\\index.php(51): Illuminate\\Foundation\\Http\\Kernel->handle(Object(Illuminate\\Http\\Request))
#48 {main}
"} 
[2025-10-26 14:50:17] PROD.ERROR: Attempt to read property "email" on null {"userId":299,"exception":"[object] (ErrorException(code: 0): Attempt to read property \"email\" on null at C:\\Apache24\\htdocs\\Elina ISMS\\v1\\api-isms\\vendor\\laravel\\framework\\src\\Illuminate\\Mail\\Mailable.php:630)
[stacktrace]
#0 C:\\Apache24\\htdocs\\Elina ISMS\\v1\\api-isms\\vendor\\laravel\\framework\\src\\Illuminate\\Mail\\Mailable.php(630): Illuminate\\Foundation\\Bootstrap\\HandleExceptions->handleError(2, 'Attempt to read...', 'C:\\\\Apache24\\\\htd...', 630)
#1 C:\\Apache24\\htdocs\\Elina ISMS\\v1\\api-isms\\vendor\\laravel\\framework\\src\\Illuminate\\Mail\\Mailable.php(546): Illuminate\\Mail\\Mailable->setAddress(Array, NULL, 'cc')
#2 C:\\Apache24\\htdocs\\Elina ISMS\\v1\\api-isms\\vendor\\laravel\\framework\\src\\Illuminate\\Mail\\PendingMail.php(159): Illuminate\\Mail\\Mailable->cc(Array)
#3 C:\\Apache24\\htdocs\\Elina ISMS\\v1\\api-isms\\vendor\\laravel\\framework\\src\\Illuminate\\Mail\\PendingMail.php(124): Illuminate\\Mail\\PendingMail->fill(Object(App\\Mail\\ovmassessment))
#4 C:\\Apache24\\htdocs\\Elina ISMS\\v1\\api-isms\\app\\Http\\Controllers\\ovm1Controller.php(2492): Illuminate\\Mail\\PendingMail->send(Object(App\\Mail\\ovmassessment))
#5 C:\\Apache24\\htdocs\\Elina ISMS\\v1\\api-isms\\vendor\\laravel\\framework\\src\\Illuminate\\Routing\\Controller.php(54): App\\Http\\Controllers\\ovm1Controller->report_sent(Object(Illuminate\\Http\\Request))
#6 C:\\Apache24\\htdocs\\Elina ISMS\\v1\\api-isms\\vendor\\laravel\\framework\\src\\Illuminate\\Routing\\ControllerDispatcher.php(45): Illuminate\\Routing\\Controller->callAction('report_sent', Array)
#7 C:\\Apache24\\htdocs\\Elina ISMS\\v1\\api-isms\\vendor\\laravel\\framework\\src\\Illuminate\\Routing\\Route.php(261): Illuminate\\Routing\\ControllerDispatcher->dispatch(Object(Illuminate\\Routing\\Route), Object(App\\Http\\Controllers\\ovm1Controller), 'report_sent')
#8 C:\\Apache24\\htdocs\\Elina ISMS\\v1\\api-isms\\vendor\\laravel\\framework\\src\\Illuminate\\Routing\\Route.php(205): Illuminate\\Routing\\Route->runController()
#9 C:\\Apache24\\htdocs\\Elina ISMS\\v1\\api-isms\\vendor\\laravel\\framework\\src\\Illuminate\\Routing\\Router.php(721): Illuminate\\Routing\\Route->run()
#10 C:\\Apache24\\htdocs\\Elina ISMS\\v1\\api-isms\\vendor\\laravel\\framework\\src\\Illuminate\\Pipeline\\Pipeline.php(128): Illuminate\\Routing\\Router->Illuminate\\Routing\\{closure}(Object(Illuminate\\Http\\Request))
#11 C:\\Apache24\\htdocs\\Elina ISMS\\v1\\api-isms\\vendor\\fruitcake\\laravel-cors\\src\\HandleCors.php(52): Illuminate\\Pipeline\\Pipeline->Illuminate\\Pipeline\\{closure}(Object(Illuminate\\Http\\Request))
#12 C:\\Apache24\\htdocs\\Elina ISMS\\v1\\api-isms\\vendor\\laravel\\framework\\src\\Illuminate\\Pipeline\\Pipeline.php(167): Fruitcake\\Cors\\HandleCors->handle(Object(Illuminate\\Http\\Request), Object(Closure))
#13 C:\\Apache24\\htdocs\\Elina ISMS\\v1\\api-isms\\vendor\\laravel\\framework\\src\\Illuminate\\Routing\\Middleware\\SubstituteBindings.php(50): Illuminate\\Pipeline\\Pipeline->Illuminate\\Pipeline\\{closure}(Object(Illuminate\\Http\\Request))
#14 C:\\Apache24\\htdocs\\Elina ISMS\\v1\\api-isms\\vendor\\laravel\\framework\\src\\Illuminate\\Pipeline\\Pipeline.php(167): Illuminate\\Routing\\Middleware\\SubstituteBindings->handle(Object(Illuminate\\Http\\Request), Object(Closure))
#15 C:\\Apache24\\htdocs\\Elina ISMS\\v1\\api-isms\\vendor\\laravel\\framework\\src\\Illuminate\\Routing\\Middleware\\ThrottleRequests.php(127): Illuminate\\Pipeline\\Pipeline->Illuminate\\Pipeline\\{closure}(Object(Illuminate\\Http\\Request))
#16 C:\\Apache24\\htdocs\\Elina ISMS\\v1\\api-isms\\vendor\\laravel\\framework\\src\\Illuminate\\Routing\\Middleware\\ThrottleRequests.php(93): Illuminate\\Routing\\Middleware\\ThrottleRequests->handleRequest(Object(Illuminate\\Http\\Request), Object(Closure), Array)
#17 C:\\Apache24\\htdocs\\Elina ISMS\\v1\\api-isms\\vendor\\laravel\\framework\\src\\Illuminate\\Routing\\Middleware\\ThrottleRequests.php(55): Illuminate\\Routing\\Middleware\\ThrottleRequests->handleRequestUsingNamedLimiter(Object(Illuminate\\Http\\Request), Object(Closure), 'api', Object(Closure))
#18 C:\\Apache24\\htdocs\\Elina ISMS\\v1\\api-isms\\vendor\\laravel\\framework\\src\\Illuminate\\Pipeline\\Pipeline.php(167): Illuminate\\Routing\\Middleware\\ThrottleRequests->handle(Object(Illuminate\\Http\\Request), Object(Closure), 'api')
#19 C:\\Apache24\\htdocs\\Elina ISMS\\v1\\api-isms\\vendor\\laravel\\framework\\src\\Illuminate\\Auth\\Middleware\\Authenticate.php(44): Illuminate\\Pipeline\\Pipeline->Illuminate\\Pipeline\\{closure}(Object(Illuminate\\Http\\Request))
#20 C:\\Apache24\\htdocs\\Elina ISMS\\v1\\api-isms\\vendor\\laravel\\framework\\src\\Illuminate\\Pipeline\\Pipeline.php(167): Illuminate\\Auth\\Middleware\\Authenticate->handle(Object(Illuminate\\Http\\Request), Object(Closure), 'api')
#21 C:\\Apache24\\htdocs\\Elina ISMS\\v1\\api-isms\\vendor\\laravel\\framework\\src\\Illuminate\\Pipeline\\Pipeline.php(103): Illuminate\\Pipeline\\Pipeline->Illuminate\\Pipeline\\{closure}(Object(Illuminate\\Http\\Request))
#22 C:\\Apache24\\htdocs\\Elina ISMS\\v1\\api-isms\\vendor\\laravel\\framework\\src\\Illuminate\\Routing\\Router.php(719): Illuminate\\Pipeline\\Pipeline->then(Object(Closure))
#23 C:\\Apache24\\htdocs\\Elina ISMS\\v1\\api-isms\\vendor\\laravel\\framework\\src\\Illuminate\\Routing\\Router.php(698): Illuminate\\Routing\\Router->runRouteWithinStack(Object(Illuminate\\Routing\\Route), Object(Illuminate\\Http\\Request))
#24 C:\\Apache24\\htdocs\\Elina ISMS\\v1\\api-isms\\vendor\\laravel\\framework\\src\\Illuminate\\Routing\\Router.php(662): Illuminate\\Routing\\Router->runRoute(Object(Illuminate\\Http\\Request), Object(Illuminate\\Routing\\Route))
#25 C:\\Apache24\\htdocs\\Elina ISMS\\v1\\api-isms\\vendor\\laravel\\framework\\src\\Illuminate\\Routing\\Router.php(651): Illuminate\\Routing\\Router->dispatchToRoute(Object(Illuminate\\Http\\Request))
#26 C:\\Apache24\\htdocs\\Elina ISMS\\v1\\api-isms\\vendor\\laravel\\framework\\src\\Illuminate\\Foundation\\Http\\Kernel.php(167): Illuminate\\Routing\\Router->dispatch(Object(Illuminate\\Http\\Request))
#27 C:\\Apache24\\htdocs\\Elina ISMS\\v1\\api-isms\\vendor\\laravel\\framework\\src\\Illuminate\\Pipeline\\Pipeline.php(128): Illuminate\\Foundation\\Http\\Kernel->Illuminate\\Foundation\\Http\\{closure}(Object(Illuminate\\Http\\Request))
#28 C:\\Apache24\\htdocs\\Elina ISMS\\v1\\api-isms\\vendor\\laravel\\framework\\src\\Illuminate\\Foundation\\Http\\Middleware\\TransformsRequest.php(21): Illuminate\\Pipeline\\Pipeline->Illuminate\\Pipeline\\{closure}(Object(Illuminate\\Http\\Request))
#29 C:\\Apache24\\htdocs\\Elina ISMS\\v1\\api-isms\\vendor\\laravel\\framework\\src\\Illuminate\\Foundation\\Http\\Middleware\\ConvertEmptyStringsToNull.php(31): Illuminate\\Foundation\\Http\\Middleware\\TransformsRequest->handle(Object(Illuminate\\Http\\Request), Object(Closure))
#30 C:\\Apache24\\htdocs\\Elina ISMS\\v1\\api-isms\\vendor\\laravel\\framework\\src\\Illuminate\\Pipeline\\Pipeline.php(167): Illuminate\\Foundation\\Http\\Middleware\\ConvertEmptyStringsToNull->handle(Object(Illuminate\\Http\\Request), Object(Closure))
#31 C:\\Apache24\\htdocs\\Elina ISMS\\v1\\api-isms\\vendor\\laravel\\framework\\src\\Illuminate\\Foundation\\Http\\Middleware\\TransformsRequest.php(21): Illuminate\\Pipeline\\Pipeline->Illuminate\\Pipeline\\{closure}(Object(Illuminate\\Http\\Request))
#32 C:\\Apache24\\htdocs\\Elina ISMS\\v1\\api-isms\\vendor\\laravel\\framework\\src\\Illuminate\\Foundation\\Http\\Middleware\\TrimStrings.php(40): Illuminate\\Foundation\\Http\\Middleware\\TransformsRequest->handle(Object(Illuminate\\Http\\Request), Object(Closure))
#33 C:\\Apache24\\htdocs\\Elina ISMS\\v1\\api-isms\\vendor\\laravel\\framework\\src\\Illuminate\\Pipeline\\Pipeline.php(167): Illuminate\\Foundation\\Http\\Middleware\\TrimStrings->handle(Object(Illuminate\\Http\\Request), Object(Closure))
#34 C:\\Apache24\\htdocs\\Elina ISMS\\v1\\api-isms\\vendor\\laravel\\framework\\src\\Illuminate\\Foundation\\Http\\Middleware\\ValidatePostSize.php(27): Illuminate\\Pipeline\\Pipeline->Illuminate\\Pipeline\\{closure}(Object(Illuminate\\Http\\Request))
#35 C:\\Apache24\\htdocs\\Elina ISMS\\v1\\api-isms\\vendor\\laravel\\framework\\src\\Illuminate\\Pipeline\\Pipeline.php(167): Illuminate\\Foundation\\Http\\Middleware\\ValidatePostSize->handle(Object(Illuminate\\Http\\Request), Object(Closure))
#36 C:\\Apache24\\htdocs\\Elina ISMS\\v1\\api-isms\\vendor\\laravel\\framework\\src\\Illuminate\\Foundation\\Http\\Middleware\\PreventRequestsDuringMaintenance.php(86): Illuminate\\Pipeline\\Pipeline->Illuminate\\Pipeline\\{closure}(Object(Illuminate\\Http\\Request))
#37 C:\\Apache24\\htdocs\\Elina ISMS\\v1\\api-isms\\vendor\\laravel\\framework\\src\\Illuminate\\Pipeline\\Pipeline.php(167): Illuminate\\Foundation\\Http\\Middleware\\PreventRequestsDuringMaintenance->handle(Object(Illuminate\\Http\\Request), Object(Closure))
#38 C:\\Apache24\\htdocs\\Elina ISMS\\v1\\api-isms\\vendor\\fruitcake\\laravel-cors\\src\\HandleCors.php(52): Illuminate\\Pipeline\\Pipeline->Illuminate\\Pipeline\\{closure}(Object(Illuminate\\Http\\Request))
#39 C:\\Apache24\\htdocs\\Elina ISMS\\v1\\api-isms\\vendor\\laravel\\framework\\src\\Illuminate\\Pipeline\\Pipeline.php(167): Fruitcake\\Cors\\HandleCors->handle(Object(Illuminate\\Http\\Request), Object(Closure))
#40 C:\\Apache24\\htdocs\\Elina ISMS\\v1\\api-isms\\vendor\\fideloper\\proxy\\src\\TrustProxies.php(57): Illuminate\\Pipeline\\Pipeline->Illuminate\\Pipeline\\{closure}(Object(Illuminate\\Http\\Request))
#41 C:\\Apache24\\htdocs\\Elina ISMS\\v1\\api-isms\\vendor\\laravel\\framework\\src\\Illuminate\\Pipeline\\Pipeline.php(167): Fideloper\\Proxy\\TrustProxies->handle(Object(Illuminate\\Http\\Request), Object(Closure))
#42 C:\\Apache24\\htdocs\\Elina ISMS\\v1\\api-isms\\app\\Http\\Middleware\\corsMiddleware.php(19): Illuminate\\Pipeline\\Pipeline->Illuminate\\Pipeline\\{closure}(Object(Illuminate\\Http\\Request))
#43 C:\\Apache24\\htdocs\\Elina ISMS\\v1\\api-isms\\vendor\\laravel\\framework\\src\\Illuminate\\Pipeline\\Pipeline.php(167): App\\Http\\Middleware\\corsMiddleware->handle(Object(Illuminate\\Http\\Request), Object(Closure))
#44 C:\\Apache24\\htdocs\\Elina ISMS\\v1\\api-isms\\vendor\\laravel\\framework\\src\\Illuminate\\Pipeline\\Pipeline.php(103): Illuminate\\Pipeline\\Pipeline->Illuminate\\Pipeline\\{closure}(Object(Illuminate\\Http\\Request))
#45 C:\\Apache24\\htdocs\\Elina ISMS\\v1\\api-isms\\vendor\\laravel\\framework\\src\\Illuminate\\Foundation\\Http\\Kernel.php(142): Illuminate\\Pipeline\\Pipeline->then(Object(Closure))
#46 C:\\Apache24\\htdocs\\Elina ISMS\\v1\\api-isms\\vendor\\laravel\\framework\\src\\Illuminate\\Foundation\\Http\\Kernel.php(111): Illuminate\\Foundation\\Http\\Kernel->sendRequestThroughRouter(Object(Illuminate\\Http\\Request))
#47 C:\\Apache24\\htdocs\\Elina ISMS\\v1\\api-isms\\public\\index.php(51): Illuminate\\Foundation\\Http\\Kernel->handle(Object(Illuminate\\Http\\Request))
#48 {main}
"} 
