2025-11-19 08:04:40.6799||WARN|Microsoft.AspNetCore.HttpsPolicy.HttpsRedirectionMiddleware|Failed to determine the https port for redirect. 
2025-11-19 08:04:41.4064||WARN|Ocelot.DownstreamRouteFinder.Middleware.DownstreamRouteFinderMiddleware|requestId: 400003a4-0001-f700-b63f-84710c7967bb, previousRequestId: no previous request id, message: DownstreamRouteFinderMiddleware setting pipeline errors. IDownstreamRouteFinder returned Error Code: UnableToFindDownstreamRouteError Message: Failed to match ReRoute configuration for upstream path: /, verb: GET. 
2025-11-19 08:04:41.4064||WARN|Ocelot.DownstreamRouteFinder.Middleware.DownstreamRouteFinderMiddleware|requestId: 400003a4-0001-f700-b63f-84710c7967bb, previousRequestId: no previous request id, message: Failed to match ReRoute configuration for upstream path: /, verb: GET. 
2025-11-19 08:04:41.4064||WARN|Ocelot.Responder.Middleware.ResponderMiddleware|requestId: 400003a4-0001-f700-b63f-84710c7967bb, previousRequestId: no previous request id, message: Error Code: UnableToFindDownstreamRouteError Message: Failed to match ReRoute configuration for upstream path: /, verb: GET. errors found in ResponderMiddleware. Setting error response for request path:/, request method: GET 
2025-11-19 10:03:58.7323||WARN|Microsoft.AspNetCore.HttpsPolicy.HttpsRedirectionMiddleware|Failed to determine the https port for redirect. 
2025-11-19 10:04:02.0571||ERROR|Microsoft.AspNetCore.Server.IIS.Core.IISHttpServer|Connection ID "17942340916249363931", Request ID "400005dc-0000-f900-b63f-84710c7967bb": An unhandled exception was thrown by the application. The CancellationTokenSource has been disposed.
2025-11-19 10:24:09.4086||ERROR|Microsoft.AspNetCore.Server.IIS.Core.IISHttpServer|Connection ID "17798225732468474843", Request ID "400003dc-0001-f700-b63f-84710c7967bb": An unhandled exception was thrown by the application. The CancellationTokenSource has been disposed.
2025-11-19 10:47:14.0018||WARN|Microsoft.AspNetCore.HttpsPolicy.HttpsRedirectionMiddleware|Failed to determine the https port for redirect. 
2025-11-19 11:10:37.6418||WARN|Microsoft.AspNetCore.HttpsPolicy.HttpsRedirectionMiddleware|Failed to determine the https port for redirect. 
2025-11-19 12:39:50.8133||WARN|Microsoft.AspNetCore.HttpsPolicy.HttpsRedirectionMiddleware|Failed to determine the https port for redirect. 
2025-11-19 13:40:58.7197||WARN|Microsoft.AspNetCore.HttpsPolicy.HttpsRedirectionMiddleware|Failed to determine the https port for redirect. 
2025-11-19 13:40:58.7197||WARN|Microsoft.AspNetCore.HttpsPolicy.HttpsRedirectionMiddleware|Failed to determine the https port for redirect. 
2025-11-19 14:03:36.4579||ERROR|Microsoft.AspNetCore.Server.IIS.Core.IISHttpServer|Connection ID "17942340916249364082", Request ID "40000673-0000-f900-b63f-84710c7967bb": An unhandled exception was thrown by the application. The CancellationTokenSource has been disposed.
2025-11-19 14:03:39.7968||ERROR|Microsoft.AspNetCore.Server.IIS.Core.IISHttpServer|Connection ID "18086456108620187241", Request ID "4000066a-0001-fb00-b63f-84710c7967bb": An unhandled exception was thrown by the application. The CancellationTokenSource has been disposed.
2025-11-19 15:03:19.7224||ERROR|Microsoft.AspNetCore.Server.IIS.Core.IISHttpServer|Connection ID "17798225732468475187", Request ID "40000534-0001-f700-b63f-84710c7967bb": An unhandled exception was thrown by the application. The CancellationTokenSource has been disposed.
2025-11-19 16:36:54.1053||WARN|Microsoft.AspNetCore.HttpsPolicy.HttpsRedirectionMiddleware|Failed to determine the https port for redirect. 
2025-11-19 16:48:19.9763||WARN|Ocelot.Requester.DelegatingHandlerHandlerFactory|requestId: 40000718-0001-fb00-b63f-84710c7967bb, previousRequestId: no previous request id, message: ReRoute Ocelot.Values.UpstreamPathTemplate specifies use QoS but no QosHandler found in DI container. Will use not use a QosHandler, please check your setup! 
2025-11-19 17:37:47.8057||WARN|Microsoft.AspNetCore.HttpsPolicy.HttpsRedirectionMiddleware|Failed to determine the https port for redirect. 
2025-11-19 17:37:48.9433||ERROR|Microsoft.AspNetCore.Server.IIS.Core.IISHttpServer|Connection ID "17798225732468475515", Request ID "4000067c-0001-f700-b63f-84710c7967bb": An unhandled exception was thrown by the application. The CancellationTokenSource has been disposed.
2025-11-19 17:56:41.1538||ERROR|Microsoft.AspNetCore.Server.IIS.Core.IISHttpServer|Connection ID "17798225732468475521", Request ID "40000682-0001-f700-b63f-84710c7967bb": An unhandled exception was thrown by the application. The CancellationTokenSource has been disposed.
2025-11-19 20:41:15.2645||WARN|Microsoft.AspNetCore.HttpsPolicy.HttpsRedirectionMiddleware|Failed to determine the https port for redirect. 
2025-11-19 21:40:48.7460||WARN|Microsoft.AspNetCore.HttpsPolicy.HttpsRedirectionMiddleware|Failed to determine the https port for redirect. 
